生成启动时间为 24/02/2018 11:40:02。
     1>项目“c:\Users\administrator\documents\visual studio 2010\Projects\icecli3-5\icecli3-5\icecli3-5.vcxproj”在节点 2 上(build 个目标)。
     1>InitializeBuildStatus:
         正在对“Debug\icecli3-5.unsuccessfulbuild”执行 Touch 任务。
       ClCompile:
         所有输出均为最新。
         C:\Program Files (x86)\Microsoft Visual Studio 10.0\VC\bin\CL.exe /c /ZI /nologo /W3 /WX- /Od /Oy- /D WIN32 /D _DEBUG /D _CONSOLE /D _UNICODE /D UNICODE /Gm /EHsc /RTC1 /MDd /GS /fp:precise /Zc:wchar_t /Zc:forScope /Yu"StdAfx.h" /Fp"Debug\icecli3-5.pch" /Fo"Debug\\" /Fd"Debug\vc100.pdb" /Gd /TP /analyze- /errorReport:prompt "icecli3-5.cpp"
         icecli3-5.cpp
     1>c:\users\administrator\documents\visual studio 2010\projects\icecli3-5\icecli3-5\icecli3-5.cpp(30): warning C4996: 'sprintf': This function or variable may be unsafe. Consider using sprintf_s instead. To disable deprecation, use _CRT_SECURE_NO_WARNINGS. See online help for details.
                 c:\program files (x86)\microsoft visual studio 10.0\vc\include\stdio.h(371) : 参见“sprintf”的声明
       ManifestResourceCompile:
         C:\Program Files (x86)\Microsoft SDKs\Windows\v7.0A\bin\rc.exe /nologo /fo"Debug\icecli3-5.exe.embed.manifest.res" Debug\icecli3-5_manifest.rc 
       Link:
         C:\Program Files (x86)\Microsoft Visual Studio 10.0\VC\bin\link.exe /ERRORREPORT:PROMPT /OUT:"c:\users\administrator\documents\visual studio 2010\Projects\icecli3-5\Debug\icecli3-5.exe" /INCREMENTAL /NOLOGO iced.lib iceutild.lib kernel32.lib user32.lib gdi32.lib winspool.lib comdlg32.lib advapi32.lib shell32.lib ole32.lib oleaut32.lib uuid.lib odbc32.lib odbccp32.lib /MANIFEST /ManifestFile:"Debug\icecli3-5.exe.intermediate.manifest" /MANIFESTUAC:"level='asInvoker' uiAccess='false'" /DEBUG /PDB:"c:\users\administrator\documents\visual studio 2010\Projects\icecli3-5\Debug\icecli3-5.pdb" /SUBSYSTEM:CONSOLE /TLBID:1 /DYNAMICBASE /NXCOMPAT /IMPLIB:"c:\users\administrator\documents\visual studio 2010\Projects\icecli3-5\Debug\icecli3-5.lib" /MACHINE:X86 "Debug\icecli3-5.exe.embed.manifest.res"
         "Debug\icecli3-5.obj"
         Debug\Printer.obj
         Debug\stdafx.obj
       Manifest:
         C:\Program Files (x86)\Microsoft SDKs\Windows\v7.0A\bin\mt.exe /nologo /verbose /out:"Debug\icecli3-5.exe.embed.manifest" /manifest "Debug\icecli3-5.exe.intermediate.manifest"
         C:\Program Files (x86)\Microsoft SDKs\Windows\v7.0A\bin\rc.exe /nologo /fo"Debug\icecli3-5.exe.embed.manifest.res" Debug\icecli3-5_manifest.rc 
       LinkEmbedManifest:
         C:\Program Files (x86)\Microsoft Visual Studio 10.0\VC\bin\link.exe /ERRORREPORT:PROMPT /OUT:"c:\users\administrator\documents\visual studio 2010\Projects\icecli3-5\Debug\icecli3-5.exe" /INCREMENTAL /NOLOGO iced.lib iceutild.lib kernel32.lib user32.lib gdi32.lib winspool.lib comdlg32.lib advapi32.lib shell32.lib ole32.lib oleaut32.lib uuid.lib odbc32.lib odbccp32.lib /MANIFEST /ManifestFile:"Debug\icecli3-5.exe.intermediate.manifest" /MANIFESTUAC:"level='asInvoker' uiAccess='false'" /DEBUG /PDB:"c:\users\administrator\documents\visual studio 2010\Projects\icecli3-5\Debug\icecli3-5.pdb" /SUBSYSTEM:CONSOLE /TLBID:1 /DYNAMICBASE /NXCOMPAT /IMPLIB:"c:\users\administrator\documents\visual studio 2010\Projects\icecli3-5\Debug\icecli3-5.lib" /MACHINE:X86 "Debug\icecli3-5.exe.embed.manifest.res"
         "Debug\icecli3-5.obj"
         Debug\Printer.obj
         Debug\stdafx.obj
         icecli3-5.vcxproj -> c:\users\administrator\documents\visual studio 2010\Projects\icecli3-5\Debug\icecli3-5.exe
       FinalizeBuildStatus:
         正在删除文件“Debug\icecli3-5.unsuccessfulbuild”。
         正在对“Debug\icecli3-5.lastbuildstate”执行 Touch 任务。
     1>已完成生成项目“c:\Users\administrator\documents\visual studio 2010\Projects\icecli3-5\icecli3-5\icecli3-5.vcxproj”(build 个目标)的操作。

生成成功。

已用时间 00:00:04.06
